Using pre-set license
Built from '2020.3/staging' branch; Version is '2020.3.0f1 (c7b5465681fb) revision 13088070'; Using compiler version '192528614'; Build Type 'Release'
OS: 'Windows 10 Pro; OS build 19042.1083; Version 2009; 64bit' Language: 'ko' Physical Memory: 16234 MB
BatchMode: 1, IsHumanControllingUs: 0, StartBugReporterOnCrash: 0, Is64bit: 1, IsPro: 0

 COMMAND LINE ARGUMENTS:
C:\Program Files\Unity\Hub\Editor\2020.3.0f1\Editor\Unity.exe
-adb2
-batchMode
-noUpm
-name
AssetImportWorker0
-projectPath
D:/GameCode/Unity/RPG_Study
-logFile
Logs/AssetImportWorker0.log
-srvPort
8234
Successfully changed project path to: D:/GameCode/Unity/RPG_Study
D:/GameCode/Unity/RPG_Study
Using Asset Import Pipeline V2.
Refreshing native plugins compatible for Editor in 62.08 ms, found 0 plugins.
Preloading 0 native plugins for Editor in 0.00 ms.
Initialize engine version: 2020.3.0f1 (c7b5465681fb)
[Subsystems] Discovering subsystems at path C:/Program Files/Unity/Hub/Editor/2020.3.0f1/Editor/Data/Resources/UnitySubsystems
[Subsystems] Discovering subsystems at path D:/GameCode/Unity/RPG_Study/Assets
GfxDevice: creating device client; threaded=0
Direct3D:
    Version:  Direct3D 11.0 [level 11.1]
    Renderer: NVIDIA GeForce GTX 1660 Ti (ID=0x2191)
    Vendor:   
    VRAM:     5991 MB
    Driver:   27.21.14.6192
Initialize mono
Mono path[0] = 'C:/Program Files/Unity/Hub/Editor/2020.3.0f1/Editor/Data/Managed'
Mono path[1] = 'C:/Program Files/Unity/Hub/Editor/2020.3.0f1/Editor/Data/MonoBleedingEdge/lib/mono/unityjit'
Mono config path = 'C:/Program Files/Unity/Hub/Editor/2020.3.0f1/Editor/Data/MonoBleedingEdge/etc'
Using monoOptions --debugger-agent=transport=dt_socket,embedding=1,server=y,suspend=n,address=127.0.0.1:56068
Begin MonoManager ReloadAssembly
Registering precompiled unity dll's ...
Register platform support module: C:/Program Files/Unity/Hub/Editor/2020.3.0f1/Editor/Data/PlaybackEngines/WindowsStandaloneSupport/UnityEditor.WindowsStandalone.Extensions.dll
Registered in 0.165059 seconds.
Native extension for WindowsStandalone target not found
Refreshing native plugins compatible for Editor in 35.56 ms, found 0 plugins.
Preloading 0 native plugins for Editor in 0.00 ms.
Invoked RoslynAnalysisRunner static constructor.
RoslynAnalysisRunner will not be running.
RoslynAnalysisRunner has terminated.
Mono: successfully reloaded assembly
- Completed reload, in  2.377 seconds
Platform modules already initialized, skipping
Registering precompiled user dll's ...
Registered in 0.000706 seconds.
Begin MonoManager ReloadAssembly
Native extension for WindowsStandalone target not found
Refreshing native plugins compatible for Editor in 0.29 ms, found 0 plugins.
Preloading 0 native plugins for Editor in 0.00 ms.
Invoked RoslynAnalysisRunner static constructor.
RoslynAnalysisRunner will not be running.
RoslynAnalysisRunner has terminated.
Mono: successfully reloaded assembly
- Completed reload, in  1.147 seconds
Platform modules already initialized, skipping
========================================================================
Worker process is ready to serve import requests
Launched and connected shader compiler UnityShaderCompiler.exe after 0.09 seconds
Refreshing native plugins compatible for Editor in 0.28 ms, found 0 plugins.
Preloading 0 native plugins for Editor in 0.00 ms.
Unloading 1190 Unused Serialized files (Serialized files now loaded: 0)
System memory in use before: 76.9 MB.
System memory in use after: 77.0 MB.

Unloading 9 unused Assets to reduce memory usage. Loaded Objects now: 1655.
Total: 8.286400 ms (FindLiveObjects: 0.160200 ms CreateObjectMapping: 0.056600 ms MarkObjects: 7.945700 ms  DeleteObjects: 0.121500 ms)

========================================================================
Received Import Request.
  path: Assets/Scripts/Managers/Core
  artifactKey: Guid(af1fa6a19e5740942b81a5155b27dfb9) Importer(815301076,1909f56bfc062723c751e8b465ee728b)
Start importing Assets/Scripts/Managers/Core using Guid(af1fa6a19e5740942b81a5155b27dfb9) Importer(815301076,1909f56bfc062723c751e8b465ee728b)  -> (artifact id: 'c73411f0295a68b7098824bae4bd9f5b') in 0.010774 seconds
  Import took 0.013800 seconds .

========================================================================
Received Import Request.
  Time since last request: 0.001009 seconds.
  path: Assets/Scripts/Managers
  artifactKey: Guid(6e44b33eca005234ea3a48e9c56453f3) Importer(815301076,1909f56bfc062723c751e8b465ee728b)
Start importing Assets/Scripts/Managers using Guid(6e44b33eca005234ea3a48e9c56453f3) Importer(815301076,1909f56bfc062723c751e8b465ee728b)  -> (artifact id: '07cd60758e119acd17b7e8b09d793452') in 0.006378 seconds
  Import took 0.008740 seconds .

========================================================================
Received Import Request.
  Time since last request: 6.627210 seconds.
  path: Assets/Scripts/Managers/Contents/GameManager.cs
  artifactKey: Guid(8ba0224a731de4c478cd63978c9d5cab) Importer(815301076,1909f56bfc062723c751e8b465ee728b)
Start importing Assets/Scripts/Managers/Contents/GameManager.cs using Guid(8ba0224a731de4c478cd63978c9d5cab) Importer(815301076,1909f56bfc062723c751e8b465ee728b)  -> (artifact id: '903e84644b5c1e105cd0257362cc862f') in 0.060953 seconds
  Import took 0.064256 seconds .

========================================================================
Received Import Request.
  Time since last request: 669.036803 seconds.
  path: Assets/Scripts/Managers/Contents/GameManager.cs
  artifactKey: Guid(8ba0224a731de4c478cd63978c9d5cab) Importer(815301076,1909f56bfc062723c751e8b465ee728b)
Start importing Assets/Scripts/Managers/Contents/GameManager.cs using Guid(8ba0224a731de4c478cd63978c9d5cab) Importer(815301076,1909f56bfc062723c751e8b465ee728b)  -> (artifact id: 'd560ffea32d231df469bf8e798eed041') in 0.002084 seconds
  Import took 0.006329 seconds .

========================================================================
Received Import Request.
  Time since last request: 0.000642 seconds.
  path: Assets/Scripts/Managers/Contents/GameManager.cs
  artifactKey: Guid(8ba0224a731de4c478cd63978c9d5cab) Importer(815301076,1909f56bfc062723c751e8b465ee728b)
Start importing Assets/Scripts/Managers/Contents/GameManager.cs using Guid(8ba0224a731de4c478cd63978c9d5cab) Importer(815301076,1909f56bfc062723c751e8b465ee728b)  -> (artifact id: 'd560ffea32d231df469bf8e798eed041') in 0.002898 seconds
  Import took 0.006024 seconds .

========================================================================
Received Import Request.
  Time since last request: 853.399164 seconds.
  path: Assets/Scripts/Managers/Contents/GameManager.cs
  artifactKey: Guid(8ba0224a731de4c478cd63978c9d5cab) Importer(815301076,1909f56bfc062723c751e8b465ee728b)
Start importing Assets/Scripts/Managers/Contents/GameManager.cs using Guid(8ba0224a731de4c478cd63978c9d5cab) Importer(815301076,1909f56bfc062723c751e8b465ee728b)  -> (artifact id: 'ab1ff1c636df776c94f62e603c0c8ad3') in 0.003924 seconds
  Import took 0.008966 seconds .

========================================================================
Received Prepare
Registering precompiled user dll's ...
Registered in 0.000985 seconds.
Begin MonoManager ReloadAssembly
Native extension for WindowsStandalone target not found
Refreshing native plugins compatible for Editor in 0.46 ms, found 0 plugins.
Preloading 0 native plugins for Editor in 0.00 ms.
Invoked RoslynAnalysisRunner static constructor.
RoslynAnalysisRunner will not be running.
RoslynAnalysisRunner has terminated.
Mono: successfully reloaded assembly
- Completed reload, in  1.111 seconds
Platform modules already initialized, skipping
Refreshing native plugins compatible for Editor in 0.35 ms, found 0 plugins.
Preloading 0 native plugins for Editor in 0.00 ms.
Unloading 1174 Unused Serialized files (Serialized files now loaded: 0)
System memory in use before: 76.0 MB.
System memory in use after: 76.0 MB.

Unloading 4 unused Assets to reduce memory usage. Loaded Objects now: 1658.
Total: 1.928600 ms (FindLiveObjects: 0.173300 ms CreateObjectMapping: 0.039900 ms MarkObjects: 1.697500 ms  DeleteObjects: 0.016700 ms)

========================================================================
Received Import Request.
  Time since last request: 51.191802 seconds.
  path: Assets/Resources/Prefabs/Knight.prefab
  artifactKey: Guid(93527ee7b018ad64eb08c72b5c73cfe8) Importer(815301076,1909f56bfc062723c751e8b465ee728b)
Start importing Assets/Resources/Prefabs/Knight.prefab using Guid(93527ee7b018ad64eb08c72b5c73cfe8) Importer(815301076,1909f56bfc062723c751e8b465ee728b)  -> (artifact id: '38e2592c9b3f0b31787b21a197f15c69') in 0.253917 seconds
  Import took 0.258202 seconds .

========================================================================
Received Import Request.
  Time since last request: 17.949227 seconds.
  path: Assets/Resources/Prefabs/Knight.prefab
  artifactKey: Guid(93527ee7b018ad64eb08c72b5c73cfe8) Importer(815301076,1909f56bfc062723c751e8b465ee728b)
Start importing Assets/Resources/Prefabs/Knight.prefab using Guid(93527ee7b018ad64eb08c72b5c73cfe8) Importer(815301076,1909f56bfc062723c751e8b465ee728b)  -> (artifact id: 'a007175222cd9502d1d32c9df73bb1d3') in 0.119518 seconds
  Import took 0.122625 seconds .

========================================================================
Received Import Request.
  Time since last request: 1.669234 seconds.
  path: Assets/Resources/Prefabs/Player.prefab
  artifactKey: Guid(1a504876133bc4b4faf49c0148f39d50) Importer(815301076,1909f56bfc062723c751e8b465ee728b)
Start importing Assets/Resources/Prefabs/Player.prefab using Guid(1a504876133bc4b4faf49c0148f39d50) Importer(815301076,1909f56bfc062723c751e8b465ee728b)  -> (artifact id: 'fb92bd4caec06e8c03ca07c604a033df') in 0.643576 seconds
  Import took 0.650794 seconds .

========================================================================
Received Import Request.
  Time since last request: 22.384309 seconds.
  path: Assets/Resources/Prefabs/Player.prefab
  artifactKey: Guid(1a504876133bc4b4faf49c0148f39d50) Importer(815301076,1909f56bfc062723c751e8b465ee728b)
Start importing Assets/Resources/Prefabs/Player.prefab using Guid(1a504876133bc4b4faf49c0148f39d50) Importer(815301076,1909f56bfc062723c751e8b465ee728b)  -> (artifact id: '4d9a87ba4432139af75551c2a907e033') in 0.072852 seconds
  Import took 0.078305 seconds .

========================================================================
Received Import Request.
  Time since last request: 174.692785 seconds.
  path: Assets/Resources/Prefabs/Camera
  artifactKey: Guid(ba7de3a3229d3fd409e156f931ac35c1) Importer(815301076,1909f56bfc062723c751e8b465ee728b)
Start importing Assets/Resources/Prefabs/Camera using Guid(ba7de3a3229d3fd409e156f931ac35c1) Importer(815301076,1909f56bfc062723c751e8b465ee728b)  -> (artifact id: '8ce3c405557e6c63d06c1ae1a27e16a9') in 0.009859 seconds
  Import took 0.013383 seconds .

========================================================================
Received Import Request.
  Time since last request: 1.166121 seconds.
  path: Assets/Resources/Prefabs/Camera/Main Camera.prefab
  artifactKey: Guid(1f57356b5939bf843b6e24bc2c0ebb5a) Importer(815301076,1909f56bfc062723c751e8b465ee728b)
Start importing Assets/Resources/Prefabs/Camera/Main Camera.prefab using Guid(1f57356b5939bf843b6e24bc2c0ebb5a) Importer(815301076,1909f56bfc062723c751e8b465ee728b)  -> (artifact id: '879212d6281df516ab5326b59cd5329a') in 0.025379 seconds
  Import took 0.028764 seconds .

========================================================================
Received Prepare
Registering precompiled user dll's ...
Registered in 0.000861 seconds.
Begin MonoManager ReloadAssembly
Native extension for WindowsStandalone target not found
Refreshing native plugins compatible for Editor in 0.33 ms, found 0 plugins.
Preloading 0 native plugins for Editor in 0.00 ms.
Invoked RoslynAnalysisRunner static constructor.
RoslynAnalysisRunner will not be running.
RoslynAnalysisRunner has terminated.
Mono: successfully reloaded assembly
- Completed reload, in  1.086 seconds
Platform modules already initialized, skipping
Refreshing native plugins compatible for Editor in 0.31 ms, found 0 plugins.
Preloading 0 native plugins for Editor in 0.00 ms.
Unloading 1174 Unused Serialized files (Serialized files now loaded: 0)
System memory in use before: 93.3 MB.
System memory in use after: 93.4 MB.

Unloading 6 unused Assets to reduce memory usage. Loaded Objects now: 1669.
Total: 3.044800 ms (FindLiveObjects: 0.273900 ms CreateObjectMapping: 0.082600 ms MarkObjects: 2.655100 ms  DeleteObjects: 0.030800 ms)

========================================================================
Received Import Request.
  Time since last request: 58.496639 seconds.
  path: Assets/Resources/Prefabs/Camera/Main Camera.prefab
  artifactKey: Guid(1f57356b5939bf843b6e24bc2c0ebb5a) Importer(815301076,1909f56bfc062723c751e8b465ee728b)
Start importing Assets/Resources/Prefabs/Camera/Main Camera.prefab using Guid(1f57356b5939bf843b6e24bc2c0ebb5a) Importer(815301076,1909f56bfc062723c751e8b465ee728b)  -> (artifact id: 'df8f8a5b9115de34c96e7b76b84284c9') in 0.046376 seconds
  Import took 0.050464 seconds .

========================================================================
Received Prepare
Registering precompiled user dll's ...
Registered in 0.000738 seconds.
Begin MonoManager ReloadAssembly
Native extension for WindowsStandalone target not found
Refreshing native plugins compatible for Editor in 0.35 ms, found 0 plugins.
Preloading 0 native plugins for Editor in 0.00 ms.
Invoked RoslynAnalysisRunner static constructor.
RoslynAnalysisRunner will not be running.
RoslynAnalysisRunner has terminated.
Mono: successfully reloaded assembly
- Completed reload, in  0.886 seconds
Platform modules already initialized, skipping
Refreshing native plugins compatible for Editor in 0.28 ms, found 0 plugins.
Preloading 0 native plugins for Editor in 0.00 ms.
Unloading 1174 Unused Serialized files (Serialized files now loaded: 0)
System memory in use before: 93.3 MB.
System memory in use after: 93.4 MB.

Unloading 4 unused Assets to reduce memory usage. Loaded Objects now: 1672.
Total: 1.704700 ms (FindLiveObjects: 0.201000 ms CreateObjectMapping: 0.058400 ms MarkObjects: 1.427700 ms  DeleteObjects: 0.016200 ms)

========================================================================
Received Prepare
Registering precompiled user dll's ...
Registered in 0.001261 seconds.
Begin MonoManager ReloadAssembly
Native extension for WindowsStandalone target not found
Refreshing native plugins compatible for Editor in 0.31 ms, found 0 plugins.
Preloading 0 native plugins for Editor in 0.00 ms.
Invoked RoslynAnalysisRunner static constructor.
RoslynAnalysisRunner will not be running.
RoslynAnalysisRunner has terminated.
Mono: successfully reloaded assembly
- Completed reload, in  1.132 seconds
Platform modules already initialized, skipping
Refreshing native plugins compatible for Editor in 0.64 ms, found 0 plugins.
Preloading 0 native plugins for Editor in 0.00 ms.
Unloading 1174 Unused Serialized files (Serialized files now loaded: 0)
System memory in use before: 93.3 MB.
System memory in use after: 93.4 MB.

Unloading 4 unused Assets to reduce memory usage. Loaded Objects now: 1675.
Total: 4.099400 ms (FindLiveObjects: 0.471500 ms CreateObjectMapping: 0.096900 ms MarkObjects: 3.496700 ms  DeleteObjects: 0.031400 ms)

========================================================================
Received Prepare
Registering precompiled user dll's ...
Registered in 0.000840 seconds.
Begin MonoManager ReloadAssembly
Native extension for WindowsStandalone target not found
Refreshing native plugins compatible for Editor in 0.36 ms, found 0 plugins.
Preloading 0 native plugins for Editor in 0.00 ms.
Invoked RoslynAnalysisRunner static constructor.
RoslynAnalysisRunner will not be running.
RoslynAnalysisRunner has terminated.
Mono: successfully reloaded assembly
- Completed reload, in  1.147 seconds
Platform modules already initialized, skipping
Refreshing native plugins compatible for Editor in 0.35 ms, found 0 plugins.
Preloading 0 native plugins for Editor in 0.00 ms.
Unloading 1174 Unused Serialized files (Serialized files now loaded: 0)
System memory in use before: 93.3 MB.
System memory in use after: 93.4 MB.

Unloading 4 unused Assets to reduce memory usage. Loaded Objects now: 1678.
Total: 2.757100 ms (FindLiveObjects: 0.515200 ms CreateObjectMapping: 0.227800 ms MarkObjects: 1.989000 ms  DeleteObjects: 0.022600 ms)

========================================================================
Received Prepare
Registering precompiled user dll's ...
Registered in 0.001174 seconds.
Begin MonoManager ReloadAssembly
Native extension for WindowsStandalone target not found
Refreshing native plugins compatible for Editor in 0.34 ms, found 0 plugins.
Preloading 0 native plugins for Editor in 0.00 ms.
Invoked RoslynAnalysisRunner static constructor.
RoslynAnalysisRunner will not be running.
RoslynAnalysisRunner has terminated.
Mono: successfully reloaded assembly
- Completed reload, in  1.143 seconds
Platform modules already initialized, skipping
Refreshing native plugins compatible for Editor in 0.44 ms, found 0 plugins.
Preloading 0 native plugins for Editor in 0.00 ms.
Unloading 1174 Unused Serialized files (Serialized files now loaded: 0)
System memory in use before: 93.3 MB.
System memory in use after: 93.4 MB.

Unloading 4 unused Assets to reduce memory usage. Loaded Objects now: 1681.
Total: 2.276900 ms (FindLiveObjects: 0.286100 ms CreateObjectMapping: 0.117900 ms MarkObjects: 1.854400 ms  DeleteObjects: 0.017000 ms)

========================================================================
Received Prepare
Registering precompiled user dll's ...
Registered in 0.000828 seconds.
Begin MonoManager ReloadAssembly
Native extension for WindowsStandalone target not found
Refreshing native plugins compatible for Editor in 0.62 ms, found 0 plugins.
Preloading 0 native plugins for Editor in 0.00 ms.
Invoked RoslynAnalysisRunner static constructor.
RoslynAnalysisRunner will not be running.
RoslynAnalysisRunner has terminated.
Mono: successfully reloaded assembly
- Completed reload, in  1.076 seconds
Platform modules already initialized, skipping
Refreshing native plugins compatible for Editor in 0.32 ms, found 0 plugins.
Preloading 0 native plugins for Editor in 0.00 ms.
Unloading 1174 Unused Serialized files (Serialized files now loaded: 0)
System memory in use before: 93.3 MB.
System memory in use after: 93.4 MB.

Unloading 4 unused Assets to reduce memory usage. Loaded Objects now: 1684.
Total: 2.786800 ms (FindLiveObjects: 0.171700 ms CreateObjectMapping: 0.049800 ms MarkObjects: 2.534300 ms  DeleteObjects: 0.028600 ms)

========================================================================
Received Prepare
Registering precompiled user dll's ...
Registered in 0.000833 seconds.
Begin MonoManager ReloadAssembly
Native extension for WindowsStandalone target not found
Refreshing native plugins compatible for Editor in 0.71 ms, found 0 plugins.
Preloading 0 native plugins for Editor in 0.00 ms.
Invoked RoslynAnalysisRunner static constructor.
RoslynAnalysisRunner will not be running.
RoslynAnalysisRunner has terminated.
Mono: successfully reloaded assembly
- Completed reload, in  1.083 seconds
Platform modules already initialized, skipping
Refreshing native plugins compatible for Editor in 0.33 ms, found 0 plugins.
Preloading 0 native plugins for Editor in 0.00 ms.
Unloading 1174 Unused Serialized files (Serialized files now loaded: 0)
System memory in use before: 93.3 MB.
System memory in use after: 93.4 MB.

Unloading 4 unused Assets to reduce memory usage. Loaded Objects now: 1687.
Total: 3.049600 ms (FindLiveObjects: 0.337300 ms CreateObjectMapping: 0.075500 ms MarkObjects: 2.607800 ms  DeleteObjects: 0.027100 ms)

========================================================================
Received Prepare
Registering precompiled user dll's ...
Registered in 0.001692 seconds.
Begin MonoManager ReloadAssembly
Native extension for WindowsStandalone target not found
Refreshing native plugins compatible for Editor in 0.38 ms, found 0 plugins.
Preloading 0 native plugins for Editor in 0.00 ms.
Invoked RoslynAnalysisRunner static constructor.
RoslynAnalysisRunner will not be running.
RoslynAnalysisRunner has terminated.
Mono: successfully reloaded assembly
- Completed reload, in  1.278 seconds
Platform modules already initialized, skipping
Refreshing native plugins compatible for Editor in 0.33 ms, found 0 plugins.
Preloading 0 native plugins for Editor in 0.00 ms.
Unloading 1174 Unused Serialized files (Serialized files now loaded: 0)
System memory in use before: 93.3 MB.
System memory in use after: 93.4 MB.

Unloading 4 unused Assets to reduce memory usage. Loaded Objects now: 1690.
Total: 3.044400 ms (FindLiveObjects: 0.249400 ms CreateObjectMapping: 0.076000 ms MarkObjects: 2.668200 ms  DeleteObjects: 0.048200 ms)

========================================================================
Received Prepare
Registering precompiled user dll's ...
Registered in 0.001706 seconds.
Begin MonoManager ReloadAssembly
Native extension for WindowsStandalone target not found
Refreshing native plugins compatible for Editor in 0.34 ms, found 0 plugins.
Preloading 0 native plugins for Editor in 0.00 ms.
Invoked RoslynAnalysisRunner static constructor.
RoslynAnalysisRunner will not be running.
RoslynAnalysisRunner has terminated.
Mono: successfully reloaded assembly
- Completed reload, in  1.409 seconds
Platform modules already initialized, skipping
Refreshing native plugins compatible for Editor in 0.60 ms, found 0 plugins.
Preloading 0 native plugins for Editor in 0.00 ms.
Unloading 1174 Unused Serialized files (Serialized files now loaded: 0)
System memory in use before: 93.3 MB.
System memory in use after: 93.4 MB.

Unloading 4 unused Assets to reduce memory usage. Loaded Objects now: 1693.
Total: 5.014700 ms (FindLiveObjects: 0.377400 ms CreateObjectMapping: 0.093100 ms MarkObjects: 4.442800 ms  DeleteObjects: 0.096600 ms)

========================================================================
Received Prepare
Registering precompiled user dll's ...
Registered in 0.000844 seconds.
Begin MonoManager ReloadAssembly
Native extension for WindowsStandalone target not found
Refreshing native plugins compatible for Editor in 0.31 ms, found 0 plugins.
Preloading 0 native plugins for Editor in 0.00 ms.
Invoked RoslynAnalysisRunner static constructor.
RoslynAnalysisRunner will not be running.
RoslynAnalysisRunner has terminated.
Mono: successfully reloaded assembly
- Completed reload, in  1.054 seconds
Platform modules already initialized, skipping
Refreshing native plugins compatible for Editor in 0.46 ms, found 0 plugins.
Preloading 0 native plugins for Editor in 0.00 ms.
Unloading 1174 Unused Serialized files (Serialized files now loaded: 0)
System memory in use before: 93.4 MB.
System memory in use after: 93.5 MB.

Unloading 4 unused Assets to reduce memory usage. Loaded Objects now: 1696.
Total: 3.383800 ms (FindLiveObjects: 0.576900 ms CreateObjectMapping: 0.166900 ms MarkObjects: 2.612700 ms  DeleteObjects: 0.023400 ms)

AssetImportWorkerClient::OnTransportError - code=2 error=End of file
