
=== Sun Jan 24 19:56:39 2021

Packages were changed.
Update Mode: updateDependencies

The following packages were added:
  com.unity.2d.sprite@1.0.0
  com.unity.2d.tilemap@1.0.0
  com.unity.ide.rider@1.1.4
  com.unity.ide.vscode@1.2.3
  com.unity.modules.androidjni@1.0.0
  com.unity.test-framework@1.1.20
  com.unity.ugui@1.0.0
The following packages were updated:
  com.unity.ads from version 2.0.8 to 3.5.2
  com.unity.analytics from version 3.2.2 to 3.3.5
  com.unity.collab-proxy from version 1.2.15 to 1.2.16
  com.unity.postprocessing from version 2.1.3 to 2.2.2
  com.unity.purchasing from version 2.0.1 to 2.2.1
  com.unity.textmeshpro from version 1.3.0 to 2.0.1
  com.unity.timeline from version 1.0.0 to 1.2.6
The following packages were removed:
  com.unity.package-manager-ui@2.1.1

=== Fri Feb 12 16:36:51 2021

Packages were changed.
Update Mode: updateDependencies

The following packages were 업데이트됨:
  com.unity.ads 3.5.2 버전에서 3.6.1버전으로  com.unity.test-framework 1.1.20 버전에서 1.1.22버전으로